Fri Mar 13 11:36:50 CET 2015  [debug] AvalonLogSystem initialized using logfile 'velocity.log'
Fri Mar 13 11:36:50 CET 2015   [info] ************************************************************** 
Fri Mar 13 11:36:50 CET 2015   [info] Starting Jakarta Velocity v1.4
Fri Mar 13 11:36:50 CET 2015   [info] RuntimeInstance initializing.
Fri Mar 13 11:36:50 CET 2015   [info] Default Properties File: org/apache/velocity/runtime/defaults/velocity.properties
Fri Mar 13 11:36:50 CET 2015   [info] Trying to use logger class org.apache.velocity.runtime.log.AvalonLogSystem
Fri Mar 13 11:36:50 CET 2015   [info] Using logger class org.apache.velocity.runtime.log.AvalonLogSystem
Fri Mar 13 11:36:50 CET 2015   [info] Default ResourceManager initializing. (class org.apache.velocity.runtime.resource.ResourceManagerImpl)
Fri Mar 13 11:36:50 CET 2015   [info] Resource Loader Instantiated: org.apache.velocity.runtime.resource.loader.ClasspathResourceLoader
Fri Mar 13 11:36:50 CET 2015   [info] ClasspathResourceLoader : initialization starting.
Fri Mar 13 11:36:50 CET 2015   [info] ClasspathResourceLoader : initialization complete.
Fri Mar 13 11:36:50 CET 2015   [info] Resource Loader Instantiated: org.apache.velocity.tools.view.servlet.WebappLoader
Fri Mar 13 11:36:50 CET 2015   [info] WebappLoader : initialization starting.
Fri Mar 13 11:36:50 CET 2015   [info] WebappLoader : initialization complete.
Fri Mar 13 11:36:50 CET 2015   [info] ResourceCache : initialized. (class org.apache.velocity.runtime.resource.ResourceCacheImpl)
Fri Mar 13 11:36:50 CET 2015   [info] Default ResourceManager initialization complete.
Fri Mar 13 11:36:50 CET 2015   [info] Loaded System Directive: org.apache.velocity.runtime.directive.Literal
Fri Mar 13 11:36:50 CET 2015   [info] Loaded System Directive: org.apache.velocity.runtime.directive.Macro
Fri Mar 13 11:36:50 CET 2015   [info] Loaded System Directive: org.apache.velocity.runtime.directive.Parse
Fri Mar 13 11:36:50 CET 2015   [info] Loaded System Directive: org.apache.velocity.runtime.directive.Include
Fri Mar 13 11:36:50 CET 2015   [info] Loaded System Directive: org.apache.velocity.runtime.directive.Foreach
Fri Mar 13 11:36:50 CET 2015   [info] Loaded User Directive: net.sf.navigator.displayer.LocalDirective
Fri Mar 13 11:36:50 CET 2015   [info] Created: 20 parsers.
Fri Mar 13 11:36:50 CET 2015   [info] Velocimacro : initialization starting.
Fri Mar 13 11:36:50 CET 2015   [info] Velocimacro : adding VMs from VM library template : net/sf/navigator/displayer/globalMacros.vm
Fri Mar 13 11:36:50 CET 2015   [info] Velocimacro : added new VM : #eval( _macro ) : source = net/sf/navigator/displayer/globalMacros.vm
Fri Mar 13 11:36:50 CET 2015   [info] Velocimacro : added new VM : #displayMenu( menu level ) : source = net/sf/navigator/displayer/globalMacros.vm
Fri Mar 13 11:36:50 CET 2015   [info] ResourceManager : found net/sf/navigator/displayer/globalMacros.vm with loader org.apache.velocity.runtime.resource.loader.ClasspathResourceLoader
Fri Mar 13 11:36:50 CET 2015   [info] Velocimacro :  VM library template macro registration complete.
Fri Mar 13 11:36:50 CET 2015   [info] Velocimacro : adding VMs from VM library template : menuMacros.vm
Fri Mar 13 11:36:50 CET 2015  [error] ResourceManager : unable to find resource 'menuMacros.vm' in any resource loader.
Fri Mar 13 11:36:50 CET 2015   [info] Velocimacro : error using  VM library template menuMacros.vm : org.apache.velocity.exception.ResourceNotFoundException: Unable to find resource 'menuMacros.vm'
Fri Mar 13 11:36:50 CET 2015   [info] Velocimacro :  VM library template macro registration complete.
Fri Mar 13 11:36:50 CET 2015   [info] Velocimacro : allowInline = true : VMs can be defined inline in templates
Fri Mar 13 11:36:50 CET 2015   [info] Velocimacro : allowInlineToOverride = true : VMs defined inline may replace previous VM definitions
Fri Mar 13 11:36:50 CET 2015   [info] Velocimacro : allowInlineLocal = false : VMs defined inline will be  global in scope if allowed.
Fri Mar 13 11:36:50 CET 2015   [info] Velocimacro : messages on  : VM system will output logging messages
Fri Mar 13 11:36:50 CET 2015   [info] Velocimacro : autoload on  : VM system will automatically reload global library macros
Fri Mar 13 11:36:50 CET 2015   [info] Velocimacro : initialization complete.
Fri Mar 13 11:36:50 CET 2015   [info] Velocity successfully started.
Fri Mar 13 11:37:19 CET 2015   [info] Velocimacro : added new VM : #displayCssMenu( menu ) : source = navbarMenu.vm
Fri Mar 13 11:37:19 CET 2015  [error] VM #displayCssMenu: error : too few arguments to macro. Wanted 1 got 0
Fri Mar 13 11:37:19 CET 2015   [info] ResourceManager : found navbarMenu.vm with loader org.apache.velocity.runtime.resource.loader.ClasspathResourceLoader
Fri Mar 13 11:37:19 CET 2015  [error] Left side ($count) of addition operation has null value. Operation not possible. navbarMenu.vm [line 2, column 28]
Fri Mar 13 11:37:19 CET 2015  [error] RHS of #set statement is null. Context will not be modified. navbarMenu.vm [line 2, column 1]
Fri Mar 13 11:37:19 CET 2015  [error] Left side ($count) of '==' operation has null value. If a reference, it may not be in the context. Operation not possible. navbarMenu.vm [line 50, column 21]
Fri Mar 13 11:37:19 CET 2015  [error] Left side ($count) of addition operation has null value. Operation not possible. navbarMenu.vm [line 2, column 28]
Fri Mar 13 11:37:19 CET 2015  [error] RHS of #set statement is null. Context will not be modified. navbarMenu.vm [line 2, column 1]
Fri Mar 13 11:37:19 CET 2015  [error] Left side ($count) of addition operation has null value. Operation not possible. navbarMenu.vm [line 2, column 28]
Fri Mar 13 11:37:19 CET 2015  [error] RHS of #set statement is null. Context will not be modified. navbarMenu.vm [line 2, column 1]
Fri Mar 13 11:37:19 CET 2015  [error] Left side ($count) of addition operation has null value. Operation not possible. navbarMenu.vm [line 2, column 28]
Fri Mar 13 11:37:19 CET 2015  [error] RHS of #set statement is null. Context will not be modified. navbarMenu.vm [line 2, column 1]
Fri Mar 13 11:37:19 CET 2015  [error] Left side ($count) of '==' operation has null value. If a reference, it may not be in the context. Operation not possible. navbarMenu.vm [line 50, column 21]
Fri Mar 13 11:37:19 CET 2015  [error] Left side ($count) of addition operation has null value. Operation not possible. navbarMenu.vm [line 2, column 28]
Fri Mar 13 11:37:19 CET 2015  [error] RHS of #set statement is null. Context will not be modified. navbarMenu.vm [line 2, column 1]
Fri Mar 13 11:37:19 CET 2015  [error] Left side ($count) of addition operation has null value. Operation not possible. navbarMenu.vm [line 2, column 28]
Fri Mar 13 11:37:19 CET 2015  [error] RHS of #set statement is null. Context will not be modified. navbarMenu.vm [line 2, column 1]
Fri Mar 13 11:37:19 CET 2015  [error] Left side ($count) of '==' operation has null value. If a reference, it may not be in the context. Operation not possible. navbarMenu.vm [line 50, column 21]
Fri Mar 13 11:37:22 CET 2015  [error] Left side ($count) of addition operation has null value. Operation not possible. navbarMenu.vm [line 2, column 28]
Fri Mar 13 11:37:22 CET 2015  [error] RHS of #set statement is null. Context will not be modified. navbarMenu.vm [line 2, column 1]
Fri Mar 13 11:37:22 CET 2015  [error] Left side ($count) of '==' operation has null value. If a reference, it may not be in the context. Operation not possible. navbarMenu.vm [line 50, column 21]
Fri Mar 13 11:37:22 CET 2015  [error] Left side ($count) of addition operation has null value. Operation not possible. navbarMenu.vm [line 2, column 28]
Fri Mar 13 11:37:22 CET 2015  [error] RHS of #set statement is null. Context will not be modified. navbarMenu.vm [line 2, column 1]
Fri Mar 13 11:37:22 CET 2015  [error] Left side ($count) of addition operation has null value. Operation not possible. navbarMenu.vm [line 2, column 28]
Fri Mar 13 11:37:22 CET 2015  [error] RHS of #set statement is null. Context will not be modified. navbarMenu.vm [line 2, column 1]
Fri Mar 13 11:37:22 CET 2015  [error] Left side ($count) of addition operation has null value. Operation not possible. navbarMenu.vm [line 2, column 28]
Fri Mar 13 11:37:22 CET 2015  [error] RHS of #set statement is null. Context will not be modified. navbarMenu.vm [line 2, column 1]
Fri Mar 13 11:37:22 CET 2015  [error] Left side ($count) of '==' operation has null value. If a reference, it may not be in the context. Operation not possible. navbarMenu.vm [line 50, column 21]
Fri Mar 13 11:37:22 CET 2015  [error] Left side ($count) of addition operation has null value. Operation not possible. navbarMenu.vm [line 2, column 28]
Fri Mar 13 11:37:22 CET 2015  [error] RHS of #set statement is null. Context will not be modified. navbarMenu.vm [line 2, column 1]
Fri Mar 13 11:37:22 CET 2015  [error] Left side ($count) of addition operation has null value. Operation not possible. navbarMenu.vm [line 2, column 28]
Fri Mar 13 11:37:22 CET 2015  [error] RHS of #set statement is null. Context will not be modified. navbarMenu.vm [line 2, column 1]
Fri Mar 13 11:37:22 CET 2015  [error] Left side ($count) of '==' operation has null value. If a reference, it may not be in the context. Operation not possible. navbarMenu.vm [line 50, column 21]
Fri Mar 13 11:37:23 CET 2015  [error] Left side ($count) of addition operation has null value. Operation not possible. navbarMenu.vm [line 2, column 28]
Fri Mar 13 11:37:23 CET 2015  [error] RHS of #set statement is null. Context will not be modified. navbarMenu.vm [line 2, column 1]
Fri Mar 13 11:37:23 CET 2015  [error] Left side ($count) of '==' operation has null value. If a reference, it may not be in the context. Operation not possible. navbarMenu.vm [line 50, column 21]
Fri Mar 13 11:37:23 CET 2015  [error] Left side ($count) of addition operation has null value. Operation not possible. navbarMenu.vm [line 2, column 28]
Fri Mar 13 11:37:23 CET 2015  [error] RHS of #set statement is null. Context will not be modified. navbarMenu.vm [line 2, column 1]
Fri Mar 13 11:37:23 CET 2015  [error] Left side ($count) of addition operation has null value. Operation not possible. navbarMenu.vm [line 2, column 28]
Fri Mar 13 11:37:23 CET 2015  [error] RHS of #set statement is null. Context will not be modified. navbarMenu.vm [line 2, column 1]
Fri Mar 13 11:37:23 CET 2015  [error] Left side ($count) of addition operation has null value. Operation not possible. navbarMenu.vm [line 2, column 28]
Fri Mar 13 11:37:23 CET 2015  [error] RHS of #set statement is null. Context will not be modified. navbarMenu.vm [line 2, column 1]
Fri Mar 13 11:37:23 CET 2015  [error] Left side ($count) of '==' operation has null value. If a reference, it may not be in the context. Operation not possible. navbarMenu.vm [line 50, column 21]
Fri Mar 13 11:37:23 CET 2015  [error] Left side ($count) of addition operation has null value. Operation not possible. navbarMenu.vm [line 2, column 28]
Fri Mar 13 11:37:23 CET 2015  [error] RHS of #set statement is null. Context will not be modified. navbarMenu.vm [line 2, column 1]
Fri Mar 13 11:37:23 CET 2015  [error] Left side ($count) of addition operation has null value. Operation not possible. navbarMenu.vm [line 2, column 28]
Fri Mar 13 11:37:23 CET 2015  [error] RHS of #set statement is null. Context will not be modified. navbarMenu.vm [line 2, column 1]
Fri Mar 13 11:37:23 CET 2015  [error] Left side ($count) of '==' operation has null value. If a reference, it may not be in the context. Operation not possible. navbarMenu.vm [line 50, column 21]
Fri Mar 13 11:37:24 CET 2015  [error] Left side ($count) of addition operation has null value. Operation not possible. navbarMenu.vm [line 2, column 28]
Fri Mar 13 11:37:24 CET 2015  [error] RHS of #set statement is null. Context will not be modified. navbarMenu.vm [line 2, column 1]
Fri Mar 13 11:37:24 CET 2015  [error] Left side ($count) of '==' operation has null value. If a reference, it may not be in the context. Operation not possible. navbarMenu.vm [line 50, column 21]
Fri Mar 13 11:37:24 CET 2015  [error] Left side ($count) of addition operation has null value. Operation not possible. navbarMenu.vm [line 2, column 28]
Fri Mar 13 11:37:24 CET 2015  [error] RHS of #set statement is null. Context will not be modified. navbarMenu.vm [line 2, column 1]
Fri Mar 13 11:37:24 CET 2015  [error] Left side ($count) of addition operation has null value. Operation not possible. navbarMenu.vm [line 2, column 28]
Fri Mar 13 11:37:24 CET 2015  [error] RHS of #set statement is null. Context will not be modified. navbarMenu.vm [line 2, column 1]
Fri Mar 13 11:37:24 CET 2015  [error] Left side ($count) of addition operation has null value. Operation not possible. navbarMenu.vm [line 2, column 28]
Fri Mar 13 11:37:24 CET 2015  [error] RHS of #set statement is null. Context will not be modified. navbarMenu.vm [line 2, column 1]
Fri Mar 13 11:37:24 CET 2015  [error] Left side ($count) of '==' operation has null value. If a reference, it may not be in the context. Operation not possible. navbarMenu.vm [line 50, column 21]
Fri Mar 13 11:37:24 CET 2015  [error] Left side ($count) of addition operation has null value. Operation not possible. navbarMenu.vm [line 2, column 28]
Fri Mar 13 11:37:24 CET 2015  [error] RHS of #set statement is null. Context will not be modified. navbarMenu.vm [line 2, column 1]
Fri Mar 13 11:37:24 CET 2015  [error] Left side ($count) of addition operation has null value. Operation not possible. navbarMenu.vm [line 2, column 28]
Fri Mar 13 11:37:24 CET 2015  [error] RHS of #set statement is null. Context will not be modified. navbarMenu.vm [line 2, column 1]
Fri Mar 13 11:37:24 CET 2015  [error] Left side ($count) of '==' operation has null value. If a reference, it may not be in the context. Operation not possible. navbarMenu.vm [line 50, column 21]
Fri Mar 13 11:37:27 CET 2015  [error] Left side ($count) of addition operation has null value. Operation not possible. navbarMenu.vm [line 2, column 28]
Fri Mar 13 11:37:27 CET 2015  [error] RHS of #set statement is null. Context will not be modified. navbarMenu.vm [line 2, column 1]
Fri Mar 13 11:37:27 CET 2015  [error] Left side ($count) of '==' operation has null value. If a reference, it may not be in the context. Operation not possible. navbarMenu.vm [line 50, column 21]
Fri Mar 13 11:37:27 CET 2015  [error] Left side ($count) of addition operation has null value. Operation not possible. navbarMenu.vm [line 2, column 28]
Fri Mar 13 11:37:27 CET 2015  [error] RHS of #set statement is null. Context will not be modified. navbarMenu.vm [line 2, column 1]
Fri Mar 13 11:37:27 CET 2015  [error] Left side ($count) of addition operation has null value. Operation not possible. navbarMenu.vm [line 2, column 28]
Fri Mar 13 11:37:27 CET 2015  [error] RHS of #set statement is null. Context will not be modified. navbarMenu.vm [line 2, column 1]
Fri Mar 13 11:37:27 CET 2015  [error] Left side ($count) of addition operation has null value. Operation not possible. navbarMenu.vm [line 2, column 28]
Fri Mar 13 11:37:27 CET 2015  [error] RHS of #set statement is null. Context will not be modified. navbarMenu.vm [line 2, column 1]
Fri Mar 13 11:37:27 CET 2015  [error] Left side ($count) of '==' operation has null value. If a reference, it may not be in the context. Operation not possible. navbarMenu.vm [line 50, column 21]
Fri Mar 13 11:37:27 CET 2015  [error] Left side ($count) of addition operation has null value. Operation not possible. navbarMenu.vm [line 2, column 28]
Fri Mar 13 11:37:27 CET 2015  [error] RHS of #set statement is null. Context will not be modified. navbarMenu.vm [line 2, column 1]
Fri Mar 13 11:37:27 CET 2015  [error] Left side ($count) of addition operation has null value. Operation not possible. navbarMenu.vm [line 2, column 28]
Fri Mar 13 11:37:27 CET 2015  [error] RHS of #set statement is null. Context will not be modified. navbarMenu.vm [line 2, column 1]
Fri Mar 13 11:37:27 CET 2015  [error] Left side ($count) of '==' operation has null value. If a reference, it may not be in the context. Operation not possible. navbarMenu.vm [line 50, column 21]
Fri Mar 13 11:37:30 CET 2015  [error] Left side ($count) of addition operation has null value. Operation not possible. navbarMenu.vm [line 2, column 28]
Fri Mar 13 11:37:30 CET 2015  [error] RHS of #set statement is null. Context will not be modified. navbarMenu.vm [line 2, column 1]
Fri Mar 13 11:37:30 CET 2015  [error] Left side ($count) of '==' operation has null value. If a reference, it may not be in the context. Operation not possible. navbarMenu.vm [line 50, column 21]
Fri Mar 13 11:37:30 CET 2015  [error] Left side ($count) of addition operation has null value. Operation not possible. navbarMenu.vm [line 2, column 28]
Fri Mar 13 11:37:30 CET 2015  [error] RHS of #set statement is null. Context will not be modified. navbarMenu.vm [line 2, column 1]
Fri Mar 13 11:37:30 CET 2015  [error] Left side ($count) of addition operation has null value. Operation not possible. navbarMenu.vm [line 2, column 28]
Fri Mar 13 11:37:30 CET 2015  [error] RHS of #set statement is null. Context will not be modified. navbarMenu.vm [line 2, column 1]
Fri Mar 13 11:37:30 CET 2015  [error] Left side ($count) of addition operation has null value. Operation not possible. navbarMenu.vm [line 2, column 28]
Fri Mar 13 11:37:30 CET 2015  [error] RHS of #set statement is null. Context will not be modified. navbarMenu.vm [line 2, column 1]
Fri Mar 13 11:37:30 CET 2015  [error] Left side ($count) of '==' operation has null value. If a reference, it may not be in the context. Operation not possible. navbarMenu.vm [line 50, column 21]
Fri Mar 13 11:37:30 CET 2015  [error] Left side ($count) of addition operation has null value. Operation not possible. navbarMenu.vm [line 2, column 28]
Fri Mar 13 11:37:30 CET 2015  [error] RHS of #set statement is null. Context will not be modified. navbarMenu.vm [line 2, column 1]
Fri Mar 13 11:37:30 CET 2015  [error] Left side ($count) of addition operation has null value. Operation not possible. navbarMenu.vm [line 2, column 28]
Fri Mar 13 11:37:30 CET 2015  [error] RHS of #set statement is null. Context will not be modified. navbarMenu.vm [line 2, column 1]
Fri Mar 13 11:37:30 CET 2015  [error] Left side ($count) of '==' operation has null value. If a reference, it may not be in the context. Operation not possible. navbarMenu.vm [line 50, column 21]
Fri Mar 13 11:37:32 CET 2015  [error] Left side ($count) of addition operation has null value. Operation not possible. navbarMenu.vm [line 2, column 28]
Fri Mar 13 11:37:32 CET 2015  [error] RHS of #set statement is null. Context will not be modified. navbarMenu.vm [line 2, column 1]
Fri Mar 13 11:37:32 CET 2015  [error] Left side ($count) of '==' operation has null value. If a reference, it may not be in the context. Operation not possible. navbarMenu.vm [line 50, column 21]
Fri Mar 13 11:37:32 CET 2015  [error] Left side ($count) of addition operation has null value. Operation not possible. navbarMenu.vm [line 2, column 28]
Fri Mar 13 11:37:32 CET 2015  [error] RHS of #set statement is null. Context will not be modified. navbarMenu.vm [line 2, column 1]
Fri Mar 13 11:37:32 CET 2015  [error] Left side ($count) of addition operation has null value. Operation not possible. navbarMenu.vm [line 2, column 28]
Fri Mar 13 11:37:32 CET 2015  [error] RHS of #set statement is null. Context will not be modified. navbarMenu.vm [line 2, column 1]
Fri Mar 13 11:37:32 CET 2015  [error] Left side ($count) of addition operation has null value. Operation not possible. navbarMenu.vm [line 2, column 28]
Fri Mar 13 11:37:32 CET 2015  [error] RHS of #set statement is null. Context will not be modified. navbarMenu.vm [line 2, column 1]
Fri Mar 13 11:37:32 CET 2015  [error] Left side ($count) of '==' operation has null value. If a reference, it may not be in the context. Operation not possible. navbarMenu.vm [line 50, column 21]
Fri Mar 13 11:37:32 CET 2015  [error] Left side ($count) of addition operation has null value. Operation not possible. navbarMenu.vm [line 2, column 28]
Fri Mar 13 11:37:32 CET 2015  [error] RHS of #set statement is null. Context will not be modified. navbarMenu.vm [line 2, column 1]
Fri Mar 13 11:37:32 CET 2015  [error] Left side ($count) of addition operation has null value. Operation not possible. navbarMenu.vm [line 2, column 28]
Fri Mar 13 11:37:32 CET 2015  [error] RHS of #set statement is null. Context will not be modified. navbarMenu.vm [line 2, column 1]
Fri Mar 13 11:37:32 CET 2015  [error] Left side ($count) of '==' operation has null value. If a reference, it may not be in the context. Operation not possible. navbarMenu.vm [line 50, column 21]
Fri Mar 13 11:37:35 CET 2015  [error] Left side ($count) of addition operation has null value. Operation not possible. navbarMenu.vm [line 2, column 28]
Fri Mar 13 11:37:35 CET 2015  [error] RHS of #set statement is null. Context will not be modified. navbarMenu.vm [line 2, column 1]
Fri Mar 13 11:37:35 CET 2015  [error] Left side ($count) of '==' operation has null value. If a reference, it may not be in the context. Operation not possible. navbarMenu.vm [line 50, column 21]
Fri Mar 13 11:37:35 CET 2015  [error] Left side ($count) of addition operation has null value. Operation not possible. navbarMenu.vm [line 2, column 28]
Fri Mar 13 11:37:35 CET 2015  [error] RHS of #set statement is null. Context will not be modified. navbarMenu.vm [line 2, column 1]
Fri Mar 13 11:37:35 CET 2015  [error] Left side ($count) of addition operation has null value. Operation not possible. navbarMenu.vm [line 2, column 28]
Fri Mar 13 11:37:35 CET 2015  [error] RHS of #set statement is null. Context will not be modified. navbarMenu.vm [line 2, column 1]
Fri Mar 13 11:37:35 CET 2015  [error] Left side ($count) of addition operation has null value. Operation not possible. navbarMenu.vm [line 2, column 28]
Fri Mar 13 11:37:35 CET 2015  [error] RHS of #set statement is null. Context will not be modified. navbarMenu.vm [line 2, column 1]
Fri Mar 13 11:37:35 CET 2015  [error] Left side ($count) of '==' operation has null value. If a reference, it may not be in the context. Operation not possible. navbarMenu.vm [line 50, column 21]
Fri Mar 13 11:37:35 CET 2015  [error] Left side ($count) of addition operation has null value. Operation not possible. navbarMenu.vm [line 2, column 28]
Fri Mar 13 11:37:35 CET 2015  [error] RHS of #set statement is null. Context will not be modified. navbarMenu.vm [line 2, column 1]
Fri Mar 13 11:37:35 CET 2015  [error] Left side ($count) of addition operation has null value. Operation not possible. navbarMenu.vm [line 2, column 28]
Fri Mar 13 11:37:35 CET 2015  [error] RHS of #set statement is null. Context will not be modified. navbarMenu.vm [line 2, column 1]
Fri Mar 13 11:37:35 CET 2015  [error] Left side ($count) of '==' operation has null value. If a reference, it may not be in the context. Operation not possible. navbarMenu.vm [line 50, column 21]
Fri Mar 13 11:37:36 CET 2015  [error] Left side ($count) of addition operation has null value. Operation not possible. navbarMenu.vm [line 2, column 28]
Fri Mar 13 11:37:36 CET 2015  [error] RHS of #set statement is null. Context will not be modified. navbarMenu.vm [line 2, column 1]
Fri Mar 13 11:37:36 CET 2015  [error] Left side ($count) of '==' operation has null value. If a reference, it may not be in the context. Operation not possible. navbarMenu.vm [line 50, column 21]
Fri Mar 13 11:37:36 CET 2015  [error] Left side ($count) of addition operation has null value. Operation not possible. navbarMenu.vm [line 2, column 28]
Fri Mar 13 11:37:36 CET 2015  [error] RHS of #set statement is null. Context will not be modified. navbarMenu.vm [line 2, column 1]
Fri Mar 13 11:37:36 CET 2015  [error] Left side ($count) of addition operation has null value. Operation not possible. navbarMenu.vm [line 2, column 28]
Fri Mar 13 11:37:36 CET 2015  [error] RHS of #set statement is null. Context will not be modified. navbarMenu.vm [line 2, column 1]
Fri Mar 13 11:37:36 CET 2015  [error] Left side ($count) of addition operation has null value. Operation not possible. navbarMenu.vm [line 2, column 28]
Fri Mar 13 11:37:36 CET 2015  [error] RHS of #set statement is null. Context will not be modified. navbarMenu.vm [line 2, column 1]
Fri Mar 13 11:37:36 CET 2015  [error] Left side ($count) of '==' operation has null value. If a reference, it may not be in the context. Operation not possible. navbarMenu.vm [line 50, column 21]
Fri Mar 13 11:37:36 CET 2015  [error] Left side ($count) of addition operation has null value. Operation not possible. navbarMenu.vm [line 2, column 28]
Fri Mar 13 11:37:36 CET 2015  [error] RHS of #set statement is null. Context will not be modified. navbarMenu.vm [line 2, column 1]
Fri Mar 13 11:37:36 CET 2015  [error] Left side ($count) of addition operation has null value. Operation not possible. navbarMenu.vm [line 2, column 28]
Fri Mar 13 11:37:36 CET 2015  [error] RHS of #set statement is null. Context will not be modified. navbarMenu.vm [line 2, column 1]
Fri Mar 13 11:37:36 CET 2015  [error] Left side ($count) of '==' operation has null value. If a reference, it may not be in the context. Operation not possible. navbarMenu.vm [line 50, column 21]
Fri Mar 13 11:37:38 CET 2015  [error] Left side ($count) of addition operation has null value. Operation not possible. navbarMenu.vm [line 2, column 28]
Fri Mar 13 11:37:38 CET 2015  [error] RHS of #set statement is null. Context will not be modified. navbarMenu.vm [line 2, column 1]
Fri Mar 13 11:37:38 CET 2015  [error] Left side ($count) of '==' operation has null value. If a reference, it may not be in the context. Operation not possible. navbarMenu.vm [line 50, column 21]
Fri Mar 13 11:37:38 CET 2015  [error] Left side ($count) of addition operation has null value. Operation not possible. navbarMenu.vm [line 2, column 28]
Fri Mar 13 11:37:38 CET 2015  [error] RHS of #set statement is null. Context will not be modified. navbarMenu.vm [line 2, column 1]
Fri Mar 13 11:37:38 CET 2015  [error] Left side ($count) of addition operation has null value. Operation not possible. navbarMenu.vm [line 2, column 28]
Fri Mar 13 11:37:38 CET 2015  [error] RHS of #set statement is null. Context will not be modified. navbarMenu.vm [line 2, column 1]
Fri Mar 13 11:37:38 CET 2015  [error] Left side ($count) of addition operation has null value. Operation not possible. navbarMenu.vm [line 2, column 28]
Fri Mar 13 11:37:38 CET 2015  [error] RHS of #set statement is null. Context will not be modified. navbarMenu.vm [line 2, column 1]
Fri Mar 13 11:37:38 CET 2015  [error] Left side ($count) of '==' operation has null value. If a reference, it may not be in the context. Operation not possible. navbarMenu.vm [line 50, column 21]
Fri Mar 13 11:37:38 CET 2015  [error] Left side ($count) of addition operation has null value. Operation not possible. navbarMenu.vm [line 2, column 28]
Fri Mar 13 11:37:38 CET 2015  [error] RHS of #set statement is null. Context will not be modified. navbarMenu.vm [line 2, column 1]
Fri Mar 13 11:37:38 CET 2015  [error] Left side ($count) of addition operation has null value. Operation not possible. navbarMenu.vm [line 2, column 28]
Fri Mar 13 11:37:38 CET 2015  [error] RHS of #set statement is null. Context will not be modified. navbarMenu.vm [line 2, column 1]
Fri Mar 13 11:37:38 CET 2015  [error] Left side ($count) of '==' operation has null value. If a reference, it may not be in the context. Operation not possible. navbarMenu.vm [line 50, column 21]
Fri Mar 13 11:37:49 CET 2015  [error] Left side ($count) of addition operation has null value. Operation not possible. navbarMenu.vm [line 2, column 28]
Fri Mar 13 11:37:49 CET 2015  [error] RHS of #set statement is null. Context will not be modified. navbarMenu.vm [line 2, column 1]
Fri Mar 13 11:37:49 CET 2015  [error] Left side ($count) of '==' operation has null value. If a reference, it may not be in the context. Operation not possible. navbarMenu.vm [line 50, column 21]
Fri Mar 13 11:37:49 CET 2015  [error] Left side ($count) of addition operation has null value. Operation not possible. navbarMenu.vm [line 2, column 28]
Fri Mar 13 11:37:49 CET 2015  [error] RHS of #set statement is null. Context will not be modified. navbarMenu.vm [line 2, column 1]
Fri Mar 13 11:37:49 CET 2015  [error] Left side ($count) of addition operation has null value. Operation not possible. navbarMenu.vm [line 2, column 28]
Fri Mar 13 11:37:49 CET 2015  [error] RHS of #set statement is null. Context will not be modified. navbarMenu.vm [line 2, column 1]
Fri Mar 13 11:37:49 CET 2015  [error] Left side ($count) of addition operation has null value. Operation not possible. navbarMenu.vm [line 2, column 28]
Fri Mar 13 11:37:49 CET 2015  [error] RHS of #set statement is null. Context will not be modified. navbarMenu.vm [line 2, column 1]
Fri Mar 13 11:37:49 CET 2015  [error] Left side ($count) of '==' operation has null value. If a reference, it may not be in the context. Operation not possible. navbarMenu.vm [line 50, column 21]
Fri Mar 13 11:37:49 CET 2015  [error] Left side ($count) of addition operation has null value. Operation not possible. navbarMenu.vm [line 2, column 28]
Fri Mar 13 11:37:49 CET 2015  [error] RHS of #set statement is null. Context will not be modified. navbarMenu.vm [line 2, column 1]
Fri Mar 13 11:37:49 CET 2015  [error] Left side ($count) of addition operation has null value. Operation not possible. navbarMenu.vm [line 2, column 28]
Fri Mar 13 11:37:49 CET 2015  [error] RHS of #set statement is null. Context will not be modified. navbarMenu.vm [line 2, column 1]
Fri Mar 13 11:37:49 CET 2015  [error] Left side ($count) of '==' operation has null value. If a reference, it may not be in the context. Operation not possible. navbarMenu.vm [line 50, column 21]
Fri Mar 13 11:38:00 CET 2015  [error] Left side ($count) of addition operation has null value. Operation not possible. navbarMenu.vm [line 2, column 28]
Fri Mar 13 11:38:00 CET 2015  [error] RHS of #set statement is null. Context will not be modified. navbarMenu.vm [line 2, column 1]
Fri Mar 13 11:38:00 CET 2015  [error] Left side ($count) of '==' operation has null value. If a reference, it may not be in the context. Operation not possible. navbarMenu.vm [line 50, column 21]
Fri Mar 13 11:38:00 CET 2015  [error] Left side ($count) of addition operation has null value. Operation not possible. navbarMenu.vm [line 2, column 28]
Fri Mar 13 11:38:00 CET 2015  [error] RHS of #set statement is null. Context will not be modified. navbarMenu.vm [line 2, column 1]
Fri Mar 13 11:38:00 CET 2015  [error] Left side ($count) of addition operation has null value. Operation not possible. navbarMenu.vm [line 2, column 28]
Fri Mar 13 11:38:00 CET 2015  [error] RHS of #set statement is null. Context will not be modified. navbarMenu.vm [line 2, column 1]
Fri Mar 13 11:38:00 CET 2015  [error] Left side ($count) of addition operation has null value. Operation not possible. navbarMenu.vm [line 2, column 28]
Fri Mar 13 11:38:00 CET 2015  [error] RHS of #set statement is null. Context will not be modified. navbarMenu.vm [line 2, column 1]
Fri Mar 13 11:38:00 CET 2015  [error] Left side ($count) of '==' operation has null value. If a reference, it may not be in the context. Operation not possible. navbarMenu.vm [line 50, column 21]
Fri Mar 13 11:38:00 CET 2015  [error] Left side ($count) of addition operation has null value. Operation not possible. navbarMenu.vm [line 2, column 28]
Fri Mar 13 11:38:00 CET 2015  [error] RHS of #set statement is null. Context will not be modified. navbarMenu.vm [line 2, column 1]
Fri Mar 13 11:38:00 CET 2015  [error] Left side ($count) of addition operation has null value. Operation not possible. navbarMenu.vm [line 2, column 28]
Fri Mar 13 11:38:00 CET 2015  [error] RHS of #set statement is null. Context will not be modified. navbarMenu.vm [line 2, column 1]
Fri Mar 13 11:38:00 CET 2015  [error] Left side ($count) of '==' operation has null value. If a reference, it may not be in the context. Operation not possible. navbarMenu.vm [line 50, column 21]
Fri Mar 13 11:40:10 CET 2015  [error] Left side ($count) of addition operation has null value. Operation not possible. navbarMenu.vm [line 2, column 28]
Fri Mar 13 11:40:10 CET 2015  [error] RHS of #set statement is null. Context will not be modified. navbarMenu.vm [line 2, column 1]
Fri Mar 13 11:40:10 CET 2015  [error] Left side ($count) of '==' operation has null value. If a reference, it may not be in the context. Operation not possible. navbarMenu.vm [line 50, column 21]
Fri Mar 13 11:40:10 CET 2015  [error] Left side ($count) of addition operation has null value. Operation not possible. navbarMenu.vm [line 2, column 28]
Fri Mar 13 11:40:10 CET 2015  [error] RHS of #set statement is null. Context will not be modified. navbarMenu.vm [line 2, column 1]
Fri Mar 13 11:40:10 CET 2015  [error] Left side ($count) of addition operation has null value. Operation not possible. navbarMenu.vm [line 2, column 28]
Fri Mar 13 11:40:10 CET 2015  [error] RHS of #set statement is null. Context will not be modified. navbarMenu.vm [line 2, column 1]
Fri Mar 13 11:40:10 CET 2015  [error] Left side ($count) of addition operation has null value. Operation not possible. navbarMenu.vm [line 2, column 28]
Fri Mar 13 11:40:10 CET 2015  [error] RHS of #set statement is null. Context will not be modified. navbarMenu.vm [line 2, column 1]
Fri Mar 13 11:40:10 CET 2015  [error] Left side ($count) of '==' operation has null value. If a reference, it may not be in the context. Operation not possible. navbarMenu.vm [line 50, column 21]
Fri Mar 13 11:40:10 CET 2015  [error] Left side ($count) of addition operation has null value. Operation not possible. navbarMenu.vm [line 2, column 28]
Fri Mar 13 11:40:10 CET 2015  [error] RHS of #set statement is null. Context will not be modified. navbarMenu.vm [line 2, column 1]
Fri Mar 13 11:40:10 CET 2015  [error] Left side ($count) of addition operation has null value. Operation not possible. navbarMenu.vm [line 2, column 28]
Fri Mar 13 11:40:10 CET 2015  [error] RHS of #set statement is null. Context will not be modified. navbarMenu.vm [line 2, column 1]
Fri Mar 13 11:40:10 CET 2015  [error] Left side ($count) of '==' operation has null value. If a reference, it may not be in the context. Operation not possible. navbarMenu.vm [line 50, column 21]
Fri Mar 13 11:40:41 CET 2015  [error] Left side ($count) of addition operation has null value. Operation not possible. navbarMenu.vm [line 2, column 28]
Fri Mar 13 11:40:41 CET 2015  [error] RHS of #set statement is null. Context will not be modified. navbarMenu.vm [line 2, column 1]
Fri Mar 13 11:40:41 CET 2015  [error] Left side ($count) of '==' operation has null value. If a reference, it may not be in the context. Operation not possible. navbarMenu.vm [line 50, column 21]
Fri Mar 13 11:40:41 CET 2015  [error] Left side ($count) of addition operation has null value. Operation not possible. navbarMenu.vm [line 2, column 28]
Fri Mar 13 11:40:41 CET 2015  [error] RHS of #set statement is null. Context will not be modified. navbarMenu.vm [line 2, column 1]
Fri Mar 13 11:40:41 CET 2015  [error] Left side ($count) of addition operation has null value. Operation not possible. navbarMenu.vm [line 2, column 28]
Fri Mar 13 11:40:41 CET 2015  [error] RHS of #set statement is null. Context will not be modified. navbarMenu.vm [line 2, column 1]
Fri Mar 13 11:40:41 CET 2015  [error] Left side ($count) of addition operation has null value. Operation not possible. navbarMenu.vm [line 2, column 28]
Fri Mar 13 11:40:41 CET 2015  [error] RHS of #set statement is null. Context will not be modified. navbarMenu.vm [line 2, column 1]
Fri Mar 13 11:40:41 CET 2015  [error] Left side ($count) of '==' operation has null value. If a reference, it may not be in the context. Operation not possible. navbarMenu.vm [line 50, column 21]
Fri Mar 13 11:40:41 CET 2015  [error] Left side ($count) of addition operation has null value. Operation not possible. navbarMenu.vm [line 2, column 28]
Fri Mar 13 11:40:41 CET 2015  [error] RHS of #set statement is null. Context will not be modified. navbarMenu.vm [line 2, column 1]
Fri Mar 13 11:40:41 CET 2015  [error] Left side ($count) of addition operation has null value. Operation not possible. navbarMenu.vm [line 2, column 28]
Fri Mar 13 11:40:41 CET 2015  [error] RHS of #set statement is null. Context will not be modified. navbarMenu.vm [line 2, column 1]
Fri Mar 13 11:40:41 CET 2015  [error] Left side ($count) of '==' operation has null value. If a reference, it may not be in the context. Operation not possible. navbarMenu.vm [line 50, column 21]
Fri Mar 13 11:40:43 CET 2015  [error] Left side ($count) of addition operation has null value. Operation not possible. navbarMenu.vm [line 2, column 28]
Fri Mar 13 11:40:43 CET 2015  [error] RHS of #set statement is null. Context will not be modified. navbarMenu.vm [line 2, column 1]
Fri Mar 13 11:40:43 CET 2015  [error] Left side ($count) of '==' operation has null value. If a reference, it may not be in the context. Operation not possible. navbarMenu.vm [line 50, column 21]
Fri Mar 13 11:40:43 CET 2015  [error] Left side ($count) of addition operation has null value. Operation not possible. navbarMenu.vm [line 2, column 28]
Fri Mar 13 11:40:43 CET 2015  [error] RHS of #set statement is null. Context will not be modified. navbarMenu.vm [line 2, column 1]
Fri Mar 13 11:40:43 CET 2015  [error] Left side ($count) of addition operation has null value. Operation not possible. navbarMenu.vm [line 2, column 28]
Fri Mar 13 11:40:43 CET 2015  [error] RHS of #set statement is null. Context will not be modified. navbarMenu.vm [line 2, column 1]
Fri Mar 13 11:40:43 CET 2015  [error] Left side ($count) of addition operation has null value. Operation not possible. navbarMenu.vm [line 2, column 28]
Fri Mar 13 11:40:43 CET 2015  [error] RHS of #set statement is null. Context will not be modified. navbarMenu.vm [line 2, column 1]
Fri Mar 13 11:40:43 CET 2015  [error] Left side ($count) of '==' operation has null value. If a reference, it may not be in the context. Operation not possible. navbarMenu.vm [line 50, column 21]
Fri Mar 13 11:40:43 CET 2015  [error] Left side ($count) of addition operation has null value. Operation not possible. navbarMenu.vm [line 2, column 28]
Fri Mar 13 11:40:43 CET 2015  [error] RHS of #set statement is null. Context will not be modified. navbarMenu.vm [line 2, column 1]
Fri Mar 13 11:40:43 CET 2015  [error] Left side ($count) of addition operation has null value. Operation not possible. navbarMenu.vm [line 2, column 28]
Fri Mar 13 11:40:43 CET 2015  [error] RHS of #set statement is null. Context will not be modified. navbarMenu.vm [line 2, column 1]
Fri Mar 13 11:40:43 CET 2015  [error] Left side ($count) of '==' operation has null value. If a reference, it may not be in the context. Operation not possible. navbarMenu.vm [line 50, column 21]
Fri Mar 13 11:40:45 CET 2015  [error] Left side ($count) of addition operation has null value. Operation not possible. navbarMenu.vm [line 2, column 28]
Fri Mar 13 11:40:45 CET 2015  [error] RHS of #set statement is null. Context will not be modified. navbarMenu.vm [line 2, column 1]
Fri Mar 13 11:40:45 CET 2015  [error] Left side ($count) of '==' operation has null value. If a reference, it may not be in the context. Operation not possible. navbarMenu.vm [line 50, column 21]
Fri Mar 13 11:40:45 CET 2015  [error] Left side ($count) of addition operation has null value. Operation not possible. navbarMenu.vm [line 2, column 28]
Fri Mar 13 11:40:45 CET 2015  [error] RHS of #set statement is null. Context will not be modified. navbarMenu.vm [line 2, column 1]
Fri Mar 13 11:40:45 CET 2015  [error] Left side ($count) of addition operation has null value. Operation not possible. navbarMenu.vm [line 2, column 28]
Fri Mar 13 11:40:45 CET 2015  [error] RHS of #set statement is null. Context will not be modified. navbarMenu.vm [line 2, column 1]
Fri Mar 13 11:40:45 CET 2015  [error] Left side ($count) of addition operation has null value. Operation not possible. navbarMenu.vm [line 2, column 28]
Fri Mar 13 11:40:45 CET 2015  [error] RHS of #set statement is null. Context will not be modified. navbarMenu.vm [line 2, column 1]
Fri Mar 13 11:40:45 CET 2015  [error] Left side ($count) of '==' operation has null value. If a reference, it may not be in the context. Operation not possible. navbarMenu.vm [line 50, column 21]
Fri Mar 13 11:40:45 CET 2015  [error] Left side ($count) of addition operation has null value. Operation not possible. navbarMenu.vm [line 2, column 28]
Fri Mar 13 11:40:45 CET 2015  [error] RHS of #set statement is null. Context will not be modified. navbarMenu.vm [line 2, column 1]
Fri Mar 13 11:40:45 CET 2015  [error] Left side ($count) of addition operation has null value. Operation not possible. navbarMenu.vm [line 2, column 28]
Fri Mar 13 11:40:45 CET 2015  [error] RHS of #set statement is null. Context will not be modified. navbarMenu.vm [line 2, column 1]
Fri Mar 13 11:40:45 CET 2015  [error] Left side ($count) of '==' operation has null value. If a reference, it may not be in the context. Operation not possible. navbarMenu.vm [line 50, column 21]
Fri Mar 13 11:40:49 CET 2015  [error] Left side ($count) of addition operation has null value. Operation not possible. navbarMenu.vm [line 2, column 28]
Fri Mar 13 11:40:49 CET 2015  [error] RHS of #set statement is null. Context will not be modified. navbarMenu.vm [line 2, column 1]
Fri Mar 13 11:40:49 CET 2015  [error] Left side ($count) of '==' operation has null value. If a reference, it may not be in the context. Operation not possible. navbarMenu.vm [line 50, column 21]
Fri Mar 13 11:40:49 CET 2015  [error] Left side ($count) of addition operation has null value. Operation not possible. navbarMenu.vm [line 2, column 28]
Fri Mar 13 11:40:49 CET 2015  [error] RHS of #set statement is null. Context will not be modified. navbarMenu.vm [line 2, column 1]
Fri Mar 13 11:40:49 CET 2015  [error] Left side ($count) of addition operation has null value. Operation not possible. navbarMenu.vm [line 2, column 28]
Fri Mar 13 11:40:49 CET 2015  [error] RHS of #set statement is null. Context will not be modified. navbarMenu.vm [line 2, column 1]
Fri Mar 13 11:40:49 CET 2015  [error] Left side ($count) of addition operation has null value. Operation not possible. navbarMenu.vm [line 2, column 28]
Fri Mar 13 11:40:49 CET 2015  [error] RHS of #set statement is null. Context will not be modified. navbarMenu.vm [line 2, column 1]
Fri Mar 13 11:40:49 CET 2015  [error] Left side ($count) of '==' operation has null value. If a reference, it may not be in the context. Operation not possible. navbarMenu.vm [line 50, column 21]
Fri Mar 13 11:40:49 CET 2015  [error] Left side ($count) of addition operation has null value. Operation not possible. navbarMenu.vm [line 2, column 28]
Fri Mar 13 11:40:49 CET 2015  [error] RHS of #set statement is null. Context will not be modified. navbarMenu.vm [line 2, column 1]
Fri Mar 13 11:40:49 CET 2015  [error] Left side ($count) of addition operation has null value. Operation not possible. navbarMenu.vm [line 2, column 28]
Fri Mar 13 11:40:49 CET 2015  [error] RHS of #set statement is null. Context will not be modified. navbarMenu.vm [line 2, column 1]
Fri Mar 13 11:40:49 CET 2015  [error] Left side ($count) of '==' operation has null value. If a reference, it may not be in the context. Operation not possible. navbarMenu.vm [line 50, column 21]
Fri Mar 13 11:40:52 CET 2015  [error] Left side ($count) of addition operation has null value. Operation not possible. navbarMenu.vm [line 2, column 28]
Fri Mar 13 11:40:52 CET 2015  [error] RHS of #set statement is null. Context will not be modified. navbarMenu.vm [line 2, column 1]
Fri Mar 13 11:40:52 CET 2015  [error] Left side ($count) of '==' operation has null value. If a reference, it may not be in the context. Operation not possible. navbarMenu.vm [line 50, column 21]
Fri Mar 13 11:40:52 CET 2015  [error] Left side ($count) of addition operation has null value. Operation not possible. navbarMenu.vm [line 2, column 28]
Fri Mar 13 11:40:52 CET 2015  [error] RHS of #set statement is null. Context will not be modified. navbarMenu.vm [line 2, column 1]
Fri Mar 13 11:40:52 CET 2015  [error] Left side ($count) of addition operation has null value. Operation not possible. navbarMenu.vm [line 2, column 28]
Fri Mar 13 11:40:52 CET 2015  [error] RHS of #set statement is null. Context will not be modified. navbarMenu.vm [line 2, column 1]
Fri Mar 13 11:40:52 CET 2015  [error] Left side ($count) of addition operation has null value. Operation not possible. navbarMenu.vm [line 2, column 28]
Fri Mar 13 11:40:52 CET 2015  [error] RHS of #set statement is null. Context will not be modified. navbarMenu.vm [line 2, column 1]
Fri Mar 13 11:40:52 CET 2015  [error] Left side ($count) of '==' operation has null value. If a reference, it may not be in the context. Operation not possible. navbarMenu.vm [line 50, column 21]
Fri Mar 13 11:40:52 CET 2015  [error] Left side ($count) of addition operation has null value. Operation not possible. navbarMenu.vm [line 2, column 28]
Fri Mar 13 11:40:52 CET 2015  [error] RHS of #set statement is null. Context will not be modified. navbarMenu.vm [line 2, column 1]
Fri Mar 13 11:40:52 CET 2015  [error] Left side ($count) of addition operation has null value. Operation not possible. navbarMenu.vm [line 2, column 28]
Fri Mar 13 11:40:52 CET 2015  [error] RHS of #set statement is null. Context will not be modified. navbarMenu.vm [line 2, column 1]
Fri Mar 13 11:40:52 CET 2015  [error] Left side ($count) of '==' operation has null value. If a reference, it may not be in the context. Operation not possible. navbarMenu.vm [line 50, column 21]
Fri Mar 13 11:52:55 CET 2015  [error] Left side ($count) of addition operation has null value. Operation not possible. navbarMenu.vm [line 2, column 28]
Fri Mar 13 11:52:55 CET 2015  [error] RHS of #set statement is null. Context will not be modified. navbarMenu.vm [line 2, column 1]
Fri Mar 13 11:52:55 CET 2015  [error] Left side ($count) of '==' operation has null value. If a reference, it may not be in the context. Operation not possible. navbarMenu.vm [line 50, column 21]
Fri Mar 13 11:52:55 CET 2015  [error] Left side ($count) of addition operation has null value. Operation not possible. navbarMenu.vm [line 2, column 28]
Fri Mar 13 11:52:55 CET 2015  [error] RHS of #set statement is null. Context will not be modified. navbarMenu.vm [line 2, column 1]
Fri Mar 13 11:52:55 CET 2015  [error] Left side ($count) of addition operation has null value. Operation not possible. navbarMenu.vm [line 2, column 28]
Fri Mar 13 11:52:55 CET 2015  [error] RHS of #set statement is null. Context will not be modified. navbarMenu.vm [line 2, column 1]
Fri Mar 13 11:52:55 CET 2015  [error] Left side ($count) of addition operation has null value. Operation not possible. navbarMenu.vm [line 2, column 28]
Fri Mar 13 11:52:55 CET 2015  [error] RHS of #set statement is null. Context will not be modified. navbarMenu.vm [line 2, column 1]
Fri Mar 13 11:52:55 CET 2015  [error] Left side ($count) of '==' operation has null value. If a reference, it may not be in the context. Operation not possible. navbarMenu.vm [line 50, column 21]
Fri Mar 13 11:52:55 CET 2015  [error] Left side ($count) of addition operation has null value. Operation not possible. navbarMenu.vm [line 2, column 28]
Fri Mar 13 11:52:55 CET 2015  [error] RHS of #set statement is null. Context will not be modified. navbarMenu.vm [line 2, column 1]
Fri Mar 13 11:52:55 CET 2015  [error] Left side ($count) of addition operation has null value. Operation not possible. navbarMenu.vm [line 2, column 28]
Fri Mar 13 11:52:55 CET 2015  [error] RHS of #set statement is null. Context will not be modified. navbarMenu.vm [line 2, column 1]
Fri Mar 13 11:52:55 CET 2015  [error] Left side ($count) of '==' operation has null value. If a reference, it may not be in the context. Operation not possible. navbarMenu.vm [line 50, column 21]
Fri Mar 13 12:21:36 CET 2015  [error] Left side ($count) of addition operation has null value. Operation not possible. navbarMenu.vm [line 2, column 28]
Fri Mar 13 12:21:36 CET 2015  [error] RHS of #set statement is null. Context will not be modified. navbarMenu.vm [line 2, column 1]
Fri Mar 13 12:21:36 CET 2015  [error] Left side ($count) of '==' operation has null value. If a reference, it may not be in the context. Operation not possible. navbarMenu.vm [line 50, column 21]
Fri Mar 13 12:21:36 CET 2015  [error] Left side ($count) of addition operation has null value. Operation not possible. navbarMenu.vm [line 2, column 28]
Fri Mar 13 12:21:36 CET 2015  [error] RHS of #set statement is null. Context will not be modified. navbarMenu.vm [line 2, column 1]
Fri Mar 13 12:21:36 CET 2015  [error] Left side ($count) of addition operation has null value. Operation not possible. navbarMenu.vm [line 2, column 28]
Fri Mar 13 12:21:36 CET 2015  [error] RHS of #set statement is null. Context will not be modified. navbarMenu.vm [line 2, column 1]
Fri Mar 13 12:21:36 CET 2015  [error] Left side ($count) of addition operation has null value. Operation not possible. navbarMenu.vm [line 2, column 28]
Fri Mar 13 12:21:36 CET 2015  [error] RHS of #set statement is null. Context will not be modified. navbarMenu.vm [line 2, column 1]
Fri Mar 13 12:21:36 CET 2015  [error] Left side ($count) of '==' operation has null value. If a reference, it may not be in the context. Operation not possible. navbarMenu.vm [line 50, column 21]
Fri Mar 13 12:21:36 CET 2015  [error] Left side ($count) of addition operation has null value. Operation not possible. navbarMenu.vm [line 2, column 28]
Fri Mar 13 12:21:36 CET 2015  [error] RHS of #set statement is null. Context will not be modified. navbarMenu.vm [line 2, column 1]
Fri Mar 13 12:21:36 CET 2015  [error] Left side ($count) of addition operation has null value. Operation not possible. navbarMenu.vm [line 2, column 28]
Fri Mar 13 12:21:36 CET 2015  [error] RHS of #set statement is null. Context will not be modified. navbarMenu.vm [line 2, column 1]
Fri Mar 13 12:21:36 CET 2015  [error] Left side ($count) of '==' operation has null value. If a reference, it may not be in the context. Operation not possible. navbarMenu.vm [line 50, column 21]
